<?xml version="1.0" encoding="UTF-8"?>
<testsuite xmlns:xsi="http://www.w3.org/2001/XMLSchema-instance" xsi:noNamespaceSchemaLocation="https://maven.apache.org/surefire/maven-surefire-plugin/xsd/surefire-test-report.xsd" version="3.0.2" name="TEST_RUNNER.TEST_RUNNER" time="29.579" tests="6" errors="0" skipped="0" failures="0">
  <properties>
[...]
</properties>
  <testcase name="Successfull login with Bank Manager Login #1" classname="Bank Manager Login" time="6.229">
    <system-out><![CDATA[
Scenario Outline: Successfull login with Bank Manager Login                                    &amp#27;[90m# FEATURE/Bank Manager Login.feature:18&amp#27;[0m
INFO    2024-08-21 22:34:16,626 [main] STEPS.STEPS  - ********LaunchingBrowser*********
  &amp#27;[32mGiven &amp#27;[0m&amp#27;[32mUser launch the browser&amp#27;[0m                                                                &amp#27;[90m# STEPS.STEPS.user_launch_the_browser()&amp#27;[0m
INFO    2024-08-21 22:34:17,530 [main] STEPS.STEPS  - ********open the URL*********
  &amp#27;[32mWhen &amp#27;[0m&amp#27;[32mUser open the URL &amp#27;[0m&amp#27;[32m&amp#27;[1m"https://www.way2automation.com/angularjs-protractor/banking/#/login"&amp#27;[0m &amp#27;[90m# STEPS.STEPS.user_open_the_url(java.lang.String)&amp#27;[0m
INFO    2024-08-21 22:34:17,787 [main] STEPS.STEPS  - ********user_click_bank_manager_login********
INFO    2024-08-21 22:34:17,978 [main] STEPS.STEPS  - ********click_Navigate_Customer********
  &amp#27;[32mWhen &amp#27;[0m&amp#27;[32mUser click BankManager login&amp#27;[0m                                                            &amp#27;[90m# STEPS.STEPS.user_click_bank_manager_login()&amp#27;[0m
INFO    2024-08-21 22:34:18,473 [main] STEPS.STEPS  - ********user_enter_theFirst,LastName&Postal*********
  &amp#27;[32mAnd &amp#27;[0m&amp#27;[32mUser  Enter the &amp#27;[0m&amp#27;[32m&amp#27;[1m"Tom"&amp#27;[0m&amp#27;[32m,&amp#27;[0m&amp#27;[32m&amp#27;[1m"Riddle"&amp#27;[0m&amp#27;[32m,&amp#27;[0m&amp#27;[32m&amp#27;[1m"234567"&amp#27;[0m                                                  &amp#27;[90m# STEPS.STEPS.user_enter_the(java.lang.String,java.lang.String,java.lang.String)&amp#27;[0m
INFO    2024-08-21 22:34:18,616 [main] STEPS.STEPS  - ********user_click_add_customer_button********
  &amp#27;[32mAnd &amp#27;[0m&amp#27;[32mUser click Add Customer button&amp#27;[0m                                                           &amp#27;[90m# STEPS.STEPS.user_click_add_customer_button()&amp#27;[0m
INFO    2024-08-21 22:34:18,731 [main] STEPS.STEPS  - ********user_navigate_to_open_account********
  &amp#27;[32mThen &amp#27;[0m&amp#27;[32mUser Navigate to Open Account&amp#27;[0m                                                           &amp#27;[90m# STEPS.STEPS.user_navigate_to_open_account()&amp#27;[0m
INFO    2024-08-21 22:34:19,488 [main] STEPS.STEPS  - ********user_enter_theCustomerName********
INFO    2024-08-21 22:34:19,688 [main] STEPS.STEPS  - ********user_enter_thecurrency********
  &amp#27;[32mAnd &amp#27;[0m&amp#27;[32mUser Enter the &amp#27;[0m&amp#27;[32m&amp#27;[1m"Harry Potter"&amp#27;[0m&amp#27;[32m &&amp#27;[0m&amp#27;[32m&amp#27;[1m"Dollar"&amp#27;[0m                                                  &amp#27;[90m# STEPS.STEPS.user_enter_the(java.lang.String,java.lang.String)&amp#27;[0m
INFO    2024-08-21 22:34:19,810 [main] STEPS.STEPS  - ********user_click_process_button********
INFO    2024-08-21 22:34:19,823 [main] STEPS.STEPS  - ********user_click_Alert_button********
  &amp#27;[32mAnd &amp#27;[0m&amp#27;[32mUser click Process button&amp#27;[0m                                                                &amp#27;[90m# STEPS.STEPS.user_click_process_button()&amp#27;[0m
INFO    2024-08-21 22:34:19,967 [main] STEPS.STEPS  - ********user_navigate_to_customer_page********
Enter the Random Email Address are =KOkkR@gmail.com
  &amp#27;[32mAnd &amp#27;[0m&amp#27;[32mUser navigate to customer Page&amp#27;[0m                                                           &amp#27;[90m# STEPS.STEPS.user_navigate_to_customer_page()&amp#27;[0m
INFO    2024-08-21 22:34:19,970 [main] STEPS.STEPS  - ********closingBrowser********
  &amp#27;[32mAnd &amp#27;[0m&amp#27;[32mclose Browser&amp#27;[0m                                                                            &amp#27;[90m# STEPS.STEPS.close_browser()&amp#27;[0m
]]></system-out>
    <system-err><![CDATA[Aug 21, 2024 10:34:16 PM org.openqa.selenium.devtools.CdpVersionFinder findNearestMatch
WARNING: Unable to find an exact match for CDP version 127, returning the closest version; found: 124; Please update to a Selenium version that supports CDP version 127
log4j:ERROR Could not find value for key log4j.appender.Appender
log4j:ERROR Could not instantiate appender named "Appender".
]]></system-err>
  </testcase>
  <testcase name="Successfull login with Bank Manager Login #2" classname="Bank Manager Login" time="4.4">
    <system-out><![CDATA[
Scenario Outline: Successfull login with Bank Manager Login                                    &amp#27;[90m# FEATURE/Bank Manager Login.feature:19&amp#27;[0m
INFO    2024-08-21 22:34:21,547 [main] STEPS.STEPS  - ********LaunchingBrowser*********
  &amp#27;[32mGiven &amp#27;[0m&amp#27;[32mUser launch the browser&amp#27;[0m                                                                &amp#27;[90m# STEPS.STEPS.user_launch_the_browser()&amp#27;[0m
INFO    2024-08-21 22:34:22,179 [main] STEPS.STEPS  - ********open the URL*********
  &amp#27;[32mWhen &amp#27;[0m&amp#27;[32mUser open the URL &amp#27;[0m&amp#27;[32m&amp#27;[1m"https://www.way2automation.com/angularjs-protractor/banking/#/login"&amp#27;[0m &amp#27;[90m# STEPS.STEPS.user_open_the_url(java.lang.String)&amp#27;[0m
INFO    2024-08-21 22:34:22,464 [main] STEPS.STEPS  - ********user_click_bank_manager_login********
INFO    2024-08-21 22:34:23,020 [main] STEPS.STEPS  - ********click_Navigate_Customer********
  &amp#27;[32mWhen &amp#27;[0m&amp#27;[32mUser click BankManager login&amp#27;[0m                                                            &amp#27;[90m# STEPS.STEPS.user_click_bank_manager_login()&amp#27;[0m
INFO    2024-08-21 22:34:23,483 [main] STEPS.STEPS  - ********user_enter_theFirst,LastName&Postal*********
  &amp#27;[32mAnd &amp#27;[0m&amp#27;[32mUser  Enter the &amp#27;[0m&amp#27;[32m&amp#27;[1m"Professor"&amp#27;[0m&amp#27;[32m,&amp#27;[0m&amp#27;[32m&amp#27;[1m"Severus Snape"&amp#27;[0m&amp#27;[32m,&amp#27;[0m&amp#27;[32m&amp#27;[1m"1234444"&amp#27;[0m                                    &amp#27;[90m# STEPS.STEPS.user_enter_the(java.lang.String,java.lang.String,java.lang.String)&amp#27;[0m
INFO    2024-08-21 22:34:23,595 [main] STEPS.STEPS  - ********user_click_add_customer_button********
  &amp#27;[32mAnd &amp#27;[0m&amp#27;[32mUser click Add Customer button&amp#27;[0m                                                           &amp#27;[90m# STEPS.STEPS.user_click_add_customer_button()&amp#27;[0m
INFO    2024-08-21 22:34:23,692 [main] STEPS.STEPS  - ********user_navigate_to_open_account********
  &amp#27;[32mThen &amp#27;[0m&amp#27;[32mUser Navigate to Open Account&amp#27;[0m                                                           &amp#27;[90m# STEPS.STEPS.user_navigate_to_open_account()&amp#27;[0m
INFO    2024-08-21 22:34:24,050 [main] STEPS.STEPS  - ********user_enter_theCustomerName********
INFO    2024-08-21 22:34:24,165 [main] STEPS.STEPS  - ********user_enter_thecurrency********
  &amp#27;[32mAnd &amp#27;[0m&amp#27;[32mUser Enter the &amp#27;[0m&amp#27;[32m&amp#27;[1m"Hermoine Granger"&amp#27;[0m&amp#27;[32m &&amp#27;[0m&amp#27;[32m&amp#27;[1m"Rupee"&amp#27;[0m                                               &amp#27;[90m# STEPS.STEPS.user_enter_the(java.lang.String,java.lang.String)&amp#27;[0m
INFO    2024-08-21 22:34:24,282 [main] STEPS.STEPS  - ********user_click_process_button********
INFO    2024-08-21 22:34:24,291 [main] STEPS.STEPS  - ********user_click_Alert_button********
  &amp#27;[32mAnd &amp#27;[0m&amp#27;[32mUser click Process button&amp#27;[0m                                                                &amp#27;[90m# STEPS.STEPS.user_click_process_button()&amp#27;[0m
INFO    2024-08-21 22:34:24,388 [main] STEPS.STEPS  - ********user_navigate_to_customer_page********
Enter the Random Email Address are =auPkd@gmail.com
  &amp#27;[32mAnd &amp#27;[0m&amp#27;[32mUser navigate to customer Page&amp#27;[0m                                                           &amp#27;[90m# STEPS.STEPS.user_navigate_to_customer_page()&amp#27;[0m
INFO    2024-08-21 22:34:24,389 [main] STEPS.STEPS  - ********closingBrowser********
  &amp#27;[32mAnd &amp#27;[0m&amp#27;[32mclose Browser&amp#27;[0m                                                                            &amp#27;[90m# STEPS.STEPS.close_browser()&amp#27;[0m
]]></system-out>
    <system-err><![CDATA[Aug 21, 2024 10:34:21 PM org.openqa.selenium.devtools.CdpVersionFinder findNearestMatch
WARNING: Unable to find an exact match for CDP version 127, returning the closest version; found: 124; Please update to a Selenium version that supports CDP version 127
log4j:ERROR Could not find value for key log4j.appender.Appender
log4j:ERROR Could not instantiate appender named "Appender".
]]></system-err>
  </testcase>
  <testcase name="Successfull login with valid credentials" classname="Login to Application" time="5.167">
    <system-out><![CDATA[
Scenario: Successfull login with valid credentials                                             &amp#27;[90m# FEATURE/LOGIN.feature:3&amp#27;[0m
INFO    2024-08-21 22:34:25,932 [main] STEPS.STEPS  - ********LaunchingBrowser*********
  &amp#27;[32mGiven &amp#27;[0m&amp#27;[32mUser launch the browser&amp#27;[0m                                                                &amp#27;[90m# STEPS.STEPS.user_launch_the_browser()&amp#27;[0m
INFO    2024-08-21 22:34:26,934 [main] STEPS.STEPS  - ********open the URL*********
  &amp#27;[32mWhen &amp#27;[0m&amp#27;[32mUser open the URL &amp#27;[0m&amp#27;[32m&amp#27;[1m"https://www.way2automation.com/angularjs-protractor/banking/#/login"&amp#27;[0m &amp#27;[90m# STEPS.STEPS.user_open_the_url(java.lang.String)&amp#27;[0m
INFO    2024-08-21 22:34:27,629 [main] STEPS.STEPS  - ********user_select_customer_login*********
  &amp#27;[32mAnd &amp#27;[0m&amp#27;[32mUser select customer login&amp#27;[0m                                                               &amp#27;[90m# STEPS.STEPS.user_select_customer_login()&amp#27;[0m
INFO    2024-08-21 22:34:28,294 [main] STEPS.STEPS  - ********user_select_the_name_*********
  &amp#27;[32mAnd &amp#27;[0m&amp#27;[32mUser Select the  Name such as &amp#27;[0m&amp#27;[32m&amp#27;[1m"Albus Dumbledore"&amp#27;[0m                                         &amp#27;[90m# STEPS.STEPS.user_select_the_name_such_as(java.lang.String)&amp#27;[0m
INFO    2024-08-21 22:34:28,386 [main] STEPS.STEPS  - ********user_click_the_deposit_button********
  &amp#27;[32mAnd &amp#27;[0m&amp#27;[32mUser click the Deposit   button&amp#27;[0m                                                          &amp#27;[90m# STEPS.STEPS.user_click_the_deposit_button()&amp#27;[0m
INFO    2024-08-21 22:34:28,911 [main] STEPS.STEPS  - ********user_enter_amount_that_need_to_be_deposited********
INFO    2024-08-21 22:34:29,236 [main] STEPS.STEPS  - ********check_customerloginsr********
  &amp#27;[32mAnd &amp#27;[0m&amp#27;[32mUser enter  amount that need to be Deposited as &amp#27;[0m&amp#27;[32m&amp#27;[1m2000&amp#27;[0m                                     &amp#27;[90m# STEPS.STEPS.user_enter_amount_that_need_to_be_deposited_as(java.lang.Integer)&amp#27;[0m
INFO    2024-08-21 22:34:29,314 [main] STEPS.STEPS  - ********User click Deposit button*******
  &amp#27;[32mAnd &amp#27;[0m&amp#27;[32mUser click Deposit button&amp#27;[0m                                                                &amp#27;[90m# STEPS.STEPS.user_click_deposit_button()&amp#27;[0m
INFO    2024-08-21 22:34:29,355 [main] STEPS.STEPS  - ********user_validate_amount********
  &amp#27;[32mThen &amp#27;[0m&amp#27;[32muser validate amount is  deposited or not&amp#27;[0m                                               &amp#27;[90m# STEPS.STEPS.user_validate_amount_is_deposited_or_not()&amp#27;[0m
INFO    2024-08-21 22:34:29,466 [main] STEPS.STEPS  - ********user_navigate_to_home_login_pager********
  &amp#27;[32mWhen &amp#27;[0m&amp#27;[32mUser Navigate to Home login Page&amp#27;[0m                                                        &amp#27;[90m# STEPS.STEPS.user_navigate_to_home_login_page()&amp#27;[0m
INFO    2024-08-21 22:34:29,468 [main] STEPS.STEPS  - ********page_title********
The title of page is Protractor practice website - Banking App
  &amp#27;[32mThen &amp#27;[0m&amp#27;[32mPage Title should be  &amp#27;[0m&amp#27;[32m&amp#27;[1m"Protractor practice website - Banking App"&amp#27;[0m                       &amp#27;[90m# STEPS.STEPS.page_title_should_be(java.lang.String)&amp#27;[0m
INFO    2024-08-21 22:34:29,482 [main] STEPS.STEPS  - ********closingBrowser********
  &amp#27;[32mAnd &amp#27;[0m&amp#27;[32mclose Browser&amp#27;[0m                                                                            &amp#27;[90m# STEPS.STEPS.close_browser()&amp#27;[0m
]]></system-out>
    <system-err><![CDATA[Aug 21, 2024 10:34:25 PM org.openqa.selenium.devtools.CdpVersionFinder findNearestMatch
WARNING: Unable to find an exact match for CDP version 127, returning the closest version; found: 124; Please update to a Selenium version that supports CDP version 127
log4j:ERROR Could not find value for key log4j.appender.Appender
log4j:ERROR Could not instantiate appender named "Appender".
]]></system-err>
  </testcase>
  <testcase name="Successfull login #1" classname="Login to Application" time="4.439">
    <system-out><![CDATA[
Scenario Outline: Successfull login                                                            &amp#27;[90m# FEATURE/LOGIN.feature:32&amp#27;[0m
INFO    2024-08-21 22:34:31,262 [main] STEPS.STEPS  - ********LaunchingBrowser*********
  &amp#27;[32mGiven &amp#27;[0m&amp#27;[32mUser launch the browser&amp#27;[0m                                                                &amp#27;[90m# STEPS.STEPS.user_launch_the_browser()&amp#27;[0m
INFO    2024-08-21 22:34:31,827 [main] STEPS.STEPS  - ********open the URL*********
  &amp#27;[32mWhen &amp#27;[0m&amp#27;[32mUser open the URL &amp#27;[0m&amp#27;[32m&amp#27;[1m"https://www.way2automation.com/angularjs-protractor/banking/#/login"&amp#27;[0m &amp#27;[90m# STEPS.STEPS.user_open_the_url(java.lang.String)&amp#27;[0m
INFO    2024-08-21 22:34:32,569 [main] STEPS.STEPS  - ********user_select_customer_login*********
  &amp#27;[32mAnd &amp#27;[0m&amp#27;[32mUser select customer login&amp#27;[0m                                                               &amp#27;[90m# STEPS.STEPS.user_select_customer_login()&amp#27;[0m
INFO    2024-08-21 22:34:33,216 [main] STEPS.STEPS  - ********user_select_the_name_*********
  &amp#27;[32mAnd &amp#27;[0m&amp#27;[32mUser Select the  Name such as &amp#27;[0m&amp#27;[32m&amp#27;[1m"Harry Potter"&amp#27;[0m                                             &amp#27;[90m# STEPS.STEPS.user_select_the_name_such_as(java.lang.String)&amp#27;[0m
INFO    2024-08-21 22:34:33,293 [main] STEPS.STEPS  - ********user_click_the_deposit_button********
  &amp#27;[32mAnd &amp#27;[0m&amp#27;[32mUser click the Deposit   button&amp#27;[0m                                                          &amp#27;[90m# STEPS.STEPS.user_click_the_deposit_button()&amp#27;[0m
INFO    2024-08-21 22:34:33,540 [main] STEPS.STEPS  - ********user_enter_amount_that_need_to_be_deposited********
INFO    2024-08-21 22:34:33,733 [main] STEPS.STEPS  - ********check_customerloginsr********
  &amp#27;[32mAnd &amp#27;[0m&amp#27;[32mUser enter  amount that need to be Deposited as &amp#27;[0m&amp#27;[32m&amp#27;[1m1000&amp#27;[0m                                     &amp#27;[90m# STEPS.STEPS.user_enter_amount_that_need_to_be_deposited_as(java.lang.Integer)&amp#27;[0m
INFO    2024-08-21 22:34:33,847 [main] STEPS.STEPS  - ********User click Deposit button*******
  &amp#27;[32mAnd &amp#27;[0m&amp#27;[32mUser click Deposit button&amp#27;[0m                                                                &amp#27;[90m# STEPS.STEPS.user_click_deposit_button()&amp#27;[0m
INFO    2024-08-21 22:34:33,888 [main] STEPS.STEPS  - ********user_validate_amount********
  &amp#27;[32mThen &amp#27;[0m&amp#27;[32muser validate amount is  deposited or not&amp#27;[0m                                               &amp#27;[90m# STEPS.STEPS.user_validate_amount_is_deposited_or_not()&amp#27;[0m
INFO    2024-08-21 22:34:33,988 [main] STEPS.STEPS  - ********user_navigate_to_home_login_pager********
  &amp#27;[32mWhen &amp#27;[0m&amp#27;[32mUser Navigate to Home login Page&amp#27;[0m                                                        &amp#27;[90m# STEPS.STEPS.user_navigate_to_home_login_page()&amp#27;[0m
INFO    2024-08-21 22:34:33,990 [main] STEPS.STEPS  - ********page_title********
The title of page is Protractor practice website - Banking App
  &amp#27;[32mThen &amp#27;[0m&amp#27;[32mPage Title should be  &amp#27;[0m&amp#27;[32m&amp#27;[1m"Protractor practice website - Banking App"&amp#27;[0m                       &amp#27;[90m# STEPS.STEPS.page_title_should_be(java.lang.String)&amp#27;[0m
INFO    2024-08-21 22:34:34,003 [main] STEPS.STEPS  - ********closingBrowser********
  &amp#27;[32mAnd &amp#27;[0m&amp#27;[32mclose Browser&amp#27;[0m                                                                            &amp#27;[90m# STEPS.STEPS.close_browser()&amp#27;[0m
]]></system-out>
    <system-err><![CDATA[Aug 21, 2024 10:34:31 PM org.openqa.selenium.devtools.CdpVersionFinder findNearestMatch
WARNING: Unable to find an exact match for CDP version 127, returning the closest version; found: 124; Please update to a Selenium version that supports CDP version 127
log4j:ERROR Could not find value for key log4j.appender.Appender
log4j:ERROR Could not instantiate appender named "Appender".
]]></system-err>
  </testcase>
  <testcase name="Successfull login #2" classname="Login to Application" time="4.019">
    <system-out><![CDATA[
Scenario Outline: Successfull login                                                            &amp#27;[90m# FEATURE/LOGIN.feature:33&amp#27;[0m
INFO    2024-08-21 22:34:35,561 [main] STEPS.STEPS  - ********LaunchingBrowser*********
  &amp#27;[32mGiven &amp#27;[0m&amp#27;[32mUser launch the browser&amp#27;[0m                                                                &amp#27;[90m# STEPS.STEPS.user_launch_the_browser()&amp#27;[0m
INFO    2024-08-21 22:34:36,515 [main] STEPS.STEPS  - ********open the URL*********
  &amp#27;[32mWhen &amp#27;[0m&amp#27;[32mUser open the URL &amp#27;[0m&amp#27;[32m&amp#27;[1m"https://www.way2automation.com/angularjs-protractor/banking/#/login"&amp#27;[0m &amp#27;[90m# STEPS.STEPS.user_open_the_url(java.lang.String)&amp#27;[0m
INFO    2024-08-21 22:34:36,631 [main] STEPS.STEPS  - ********user_select_customer_login*********
  &amp#27;[32mAnd &amp#27;[0m&amp#27;[32mUser select customer login&amp#27;[0m                                                               &amp#27;[90m# STEPS.STEPS.user_select_customer_login()&amp#27;[0m
INFO    2024-08-21 22:34:37,306 [main] STEPS.STEPS  - ********user_select_the_name_*********
  &amp#27;[32mAnd &amp#27;[0m&amp#27;[32mUser Select the  Name such as &amp#27;[0m&amp#27;[32m&amp#27;[1m"Hermoine Granger"&amp#27;[0m                                         &amp#27;[90m# STEPS.STEPS.user_select_the_name_such_as(java.lang.String)&amp#27;[0m
INFO    2024-08-21 22:34:37,411 [main] STEPS.STEPS  - ********user_click_the_deposit_button********
  &amp#27;[32mAnd &amp#27;[0m&amp#27;[32mUser click the Deposit   button&amp#27;[0m                                                          &amp#27;[90m# STEPS.STEPS.user_click_the_deposit_button()&amp#27;[0m
INFO    2024-08-21 22:34:37,576 [main] STEPS.STEPS  - ********user_enter_amount_that_need_to_be_deposited********
INFO    2024-08-21 22:34:37,757 [main] STEPS.STEPS  - ********check_customerloginsr********
  &amp#27;[32mAnd &amp#27;[0m&amp#27;[32mUser enter  amount that need to be Deposited as &amp#27;[0m&amp#27;[32m&amp#27;[1m90000&amp#27;[0m                                    &amp#27;[90m# STEPS.STEPS.user_enter_amount_that_need_to_be_deposited_as(java.lang.Integer)&amp#27;[0m
INFO    2024-08-21 22:34:37,827 [main] STEPS.STEPS  - ********User click Deposit button*******
  &amp#27;[32mAnd &amp#27;[0m&amp#27;[32mUser click Deposit button&amp#27;[0m                                                                &amp#27;[90m# STEPS.STEPS.user_click_deposit_button()&amp#27;[0m
INFO    2024-08-21 22:34:37,869 [main] STEPS.STEPS  - ********user_validate_amount********
  &amp#27;[32mThen &amp#27;[0m&amp#27;[32muser validate amount is  deposited or not&amp#27;[0m                                               &amp#27;[90m# STEPS.STEPS.user_validate_amount_is_deposited_or_not()&amp#27;[0m
INFO    2024-08-21 22:34:37,996 [main] STEPS.STEPS  - ********user_navigate_to_home_login_pager********
  &amp#27;[32mWhen &amp#27;[0m&amp#27;[32mUser Navigate to Home login Page&amp#27;[0m                                                        &amp#27;[90m# STEPS.STEPS.user_navigate_to_home_login_page()&amp#27;[0m
INFO    2024-08-21 22:34:37,997 [main] STEPS.STEPS  - ********page_title********
The title of page is Protractor practice website - Banking App
  &amp#27;[32mThen &amp#27;[0m&amp#27;[32mPage Title should be  &amp#27;[0m&amp#27;[32m&amp#27;[1m"Protractor practice website - Banking App"&amp#27;[0m                       &amp#27;[90m# STEPS.STEPS.page_title_should_be(java.lang.String)&amp#27;[0m
INFO    2024-08-21 22:34:38,010 [main] STEPS.STEPS  - ********closingBrowser********
  &amp#27;[32mAnd &amp#27;[0m&amp#27;[32mclose Browser&amp#27;[0m                                                                            &amp#27;[90m# STEPS.STEPS.close_browser()&amp#27;[0m
]]></system-out>
    <system-err><![CDATA[Aug 21, 2024 10:34:35 PM org.openqa.selenium.devtools.CdpVersionFinder findNearestMatch
WARNING: Unable to find an exact match for CDP version 127, returning the closest version; found: 124; Please update to a Selenium version that supports CDP version 127
log4j:ERROR Could not find value for key log4j.appender.Appender
log4j:ERROR Could not instantiate appender named "Appender".
Aug 21, 2024 10:34:38 PM org.openqa.selenium.remote.http.WebSocket$Listener onError
WARNING: Connection reset
java.net.SocketException: Connection reset
	at java.base/sun.nio.ch.SocketChannelImpl.throwConnectionReset(SocketChannelImpl.java:394)
	at java.base/sun.nio.ch.SocketChannelImpl.read(SocketChannelImpl.java:426)
	at java.net.http/jdk.internal.net.http.SocketTube.readAvailable(SocketTube.java:1170)
	at java.net.http/jdk.internal.net.http.SocketTube$InternalReadPublisher$InternalReadSubscription.read(SocketTube.java:833)
	at java.net.http/jdk.internal.net.http.SocketTube$SocketFlowTask.run(SocketTube.java:181)
	at java.net.http/jdk.internal.net.http.common.SequentialScheduler$SchedulableTask.run(SequentialScheduler.java:230)
	at java.net.http/jdk.internal.net.http.common.SequentialScheduler.runOrSchedule(SequentialScheduler.java:303)
	at java.net.http/jdk.internal.net.http.common.SequentialScheduler.runOrSchedule(SequentialScheduler.java:256)
	at java.net.http/jdk.internal.net.http.SocketTube$InternalReadPublisher$InternalReadSubscription.signalReadable(SocketTube.java:774)
	at java.net.http/jdk.internal.net.http.SocketTube$InternalReadPublisher$ReadEvent.signalEvent(SocketTube.java:957)
	at java.net.http/jdk.internal.net.http.SocketTube$SocketFlowEvent.handle(SocketTube.java:253)
	at java.net.http/jdk.internal.net.http.HttpClientImpl$SelectorManager.handleEvent(HttpClientImpl.java:979)
	at java.net.http/jdk.internal.net.http.HttpClientImpl$SelectorManager.lambda$run$3(HttpClientImpl.java:934)
	at java.base/java.util.ArrayList.forEach(ArrayList.java:1511)
	at java.net.http/jdk.internal.net.http.HttpClientImpl$SelectorManager.run(HttpClientImpl.java:934)

]]></system-err>
  </testcase>
  <testcase name="Successfull login #3" classname="Login to Application" time="4.468">
    <system-out><![CDATA[
Scenario Outline: Successfull login                                                            &amp#27;[90m# FEATURE/LOGIN.feature:34&amp#27;[0m
INFO    2024-08-21 22:34:39,586 [main] STEPS.STEPS  - ********LaunchingBrowser*********
  &amp#27;[32mGiven &amp#27;[0m&amp#27;[32mUser launch the browser&amp#27;[0m                                                                &amp#27;[90m# STEPS.STEPS.user_launch_the_browser()&amp#27;[0m
INFO    2024-08-21 22:34:40,166 [main] STEPS.STEPS  - ********open the URL*********
  &amp#27;[32mWhen &amp#27;[0m&amp#27;[32mUser open the URL &amp#27;[0m&amp#27;[32m&amp#27;[1m"https://www.way2automation.com/angularjs-protractor/banking/#/login"&amp#27;[0m &amp#27;[90m# STEPS.STEPS.user_open_the_url(java.lang.String)&amp#27;[0m
INFO    2024-08-21 22:34:40,917 [main] STEPS.STEPS  - ********user_select_customer_login*********
  &amp#27;[32mAnd &amp#27;[0m&amp#27;[32mUser select customer login&amp#27;[0m                                                               &amp#27;[90m# STEPS.STEPS.user_select_customer_login()&amp#27;[0m
INFO    2024-08-21 22:34:41,614 [main] STEPS.STEPS  - ********user_select_the_name_*********
  &amp#27;[32mAnd &amp#27;[0m&amp#27;[32mUser Select the  Name such as &amp#27;[0m&amp#27;[32m&amp#27;[1m"Ron Weasly"&amp#27;[0m                                               &amp#27;[90m# STEPS.STEPS.user_select_the_name_such_as(java.lang.String)&amp#27;[0m
INFO    2024-08-21 22:34:41,711 [main] STEPS.STEPS  - ********user_click_the_deposit_button********
  &amp#27;[32mAnd &amp#27;[0m&amp#27;[32mUser click the Deposit   button&amp#27;[0m                                                          &amp#27;[90m# STEPS.STEPS.user_click_the_deposit_button()&amp#27;[0m
INFO    2024-08-21 22:34:41,871 [main] STEPS.STEPS  - ********user_enter_amount_that_need_to_be_deposited********
INFO    2024-08-21 22:34:42,230 [main] STEPS.STEPS  - ********check_customerloginsr********
  &amp#27;[32mAnd &amp#27;[0m&amp#27;[32mUser enter  amount that need to be Deposited as &amp#27;[0m&amp#27;[32m&amp#27;[1m8700&amp#27;[0m                                     &amp#27;[90m# STEPS.STEPS.user_enter_amount_that_need_to_be_deposited_as(java.lang.Integer)&amp#27;[0m
INFO    2024-08-21 22:34:42,343 [main] STEPS.STEPS  - ********User click Deposit button*******
  &amp#27;[32mAnd &amp#27;[0m&amp#27;[32mUser click Deposit button&amp#27;[0m                                                                &amp#27;[90m# STEPS.STEPS.user_click_deposit_button()&amp#27;[0m
INFO    2024-08-21 22:34:42,382 [main] STEPS.STEPS  - ********user_validate_amount********
  &amp#27;[32mThen &amp#27;[0m&amp#27;[32muser validate amount is  deposited or not&amp#27;[0m                                               &amp#27;[90m# STEPS.STEPS.user_validate_amount_is_deposited_or_not()&amp#27;[0m
INFO    2024-08-21 22:34:42,491 [main] STEPS.STEPS  - ********user_navigate_to_home_login_pager********
  &amp#27;[32mWhen &amp#27;[0m&amp#27;[32mUser Navigate to Home login Page&amp#27;[0m                                                        &amp#27;[90m# STEPS.STEPS.user_navigate_to_home_login_page()&amp#27;[0m
INFO    2024-08-21 22:34:42,492 [main] STEPS.STEPS  - ********page_title********
The title of page is Protractor practice website - Banking App
  &amp#27;[32mThen &amp#27;[0m&amp#27;[32mPage Title should be  &amp#27;[0m&amp#27;[32m&amp#27;[1m"Protractor practice website - Banking App"&amp#27;[0m                       &amp#27;[90m# STEPS.STEPS.page_title_should_be(java.lang.String)&amp#27;[0m
INFO    2024-08-21 22:34:42,504 [main] STEPS.STEPS  - ********closingBrowser********
  &amp#27;[32mAnd &amp#27;[0m&amp#27;[32mclose Browser&amp#27;[0m                                                                            &amp#27;[90m# STEPS.STEPS.close_browser()&amp#27;[0m
]]></system-out>
    <system-err><![CDATA[Aug 21, 2024 10:34:39 PM org.openqa.selenium.devtools.CdpVersionFinder findNearestMatch
WARNING: Unable to find an exact match for CDP version 127, returning the closest version; found: 124; Please update to a Selenium version that supports CDP version 127
log4j:ERROR Could not find value for key log4j.appender.Appender
log4j:ERROR Could not instantiate appender named "Appender".
]]></system-err>
  </testcase>
</testsuite>